<?xml version="1.0" encoding="UTF-8"?>
<testng-results ignored="0" total="1" passed="1" failed="0" skipped="0">
  <reporter-output>
  </reporter-output>
  <suite started-at="2023-01-10T10:54:32 IST" name="Default suite" finished-at="2023-01-10T10:59:03 IST" duration-ms="270677">
    <groups>
    </groups>
    <test started-at="2023-01-10T10:54:32 IST" name="Default test" finished-at="2023-01-10T10:59:03 IST" duration-ms="270677">
      <class name="fdxCIL_OrderProcess.SD">
        <test-method is-config="true" signature="beforeMethod()[pri:0, instance:fdxCIL_OrderProcess.SD@71a8adcf]" started-at="2023-01-10T10:54:23 IST" name="beforeMethod" finished-at="2023-01-10T10:54:32 IST" duration-ms="8954" status="PASS">
          <reporter-output>
          </reporter-output>
        </test-method> <!-- beforeMethod -->
        <test-method is-config="true" signature="testMethodName(java.lang.reflect.Method)[pri:0, instance:fdxCIL_OrderProcess.SD@71a8adcf]" started-at="2023-01-10T10:54:32 IST" name="testMethodName" finished-at="2023-01-10T10:54:32 IST" duration-ms="12" status="PASS">
          <params>
            <param index="0">
              <value>
                <![CDATA[public static void fdxCIL_OrderProcess.SD.FedExSD() throws java.lang.Exception]]>
              </value>
            </param>
          </params>
          <reporter-output>
          </reporter-output>
        </test-method> <!-- testMethodName -->
        <test-method signature="FedExSD()[pri:0, instance:fdxCIL_OrderProcess.SD@71a8adcf]" started-at="2023-01-10T10:54:32 IST" name="FedExSD" finished-at="2023-01-10T10:59:03 IST" duration-ms="270411" status="PASS">
          <reporter-output>
          </reporter-output>
        </test-method> <!-- FedExSD -->
        <test-method is-config="true" signature="getResult(org.testng.ITestResult)[pri:0, instance:fdxCIL_OrderProcess.SD@71a8adcf]" started-at="2023-01-10T10:59:03 IST" name="getResult" finished-at="2023-01-10T10:59:03 IST" duration-ms="143" status="PASS">
          <params>
            <param index="0">
              <value>
                <![CDATA[[TestResult name=FedExSD status=SUCCESS method=SD.FedExSD()[pri:0, instance:fdxCIL_OrderProcess.SD@71a8adcf] output={null}]]]>
              </value>
            </param>
          </params>
          <reporter-output>
          </reporter-output>
        </test-method> <!-- getResult -->
        <test-method is-config="true" signature="SendEmail()[pri:0, instance:fdxCIL_OrderProcess.SD@71a8adcf]" started-at="2023-01-10T10:59:03 IST" name="SendEmail" finished-at="2023-01-10T10:59:08 IST" duration-ms="5474" status="PASS">
          <reporter-output>
          </reporter-output>
        </test-method> <!-- SendEmail -->
      </class> <!-- fdxCIL_OrderProcess.SD -->
    </test> <!-- Default test -->
  </suite> <!-- Default suite -->
</testng-results>
