<?xml version="1.0" encoding="UTF-8"?>
<!-- Generated by org.testng.reporters.JUnitXMLReporter -->
<testsuite ignored="0" hostname="SIPL92" failures="1" tests="1" name="FedExCILOrderCreation" time="0.089" errors="0" timestamp="2023-01-02T12:20:43 IST">
  <testcase classname="fdxCIL_OrderProcess.FedExCILOrderCreation" name="fedEXCILOrderCreate" time="0.0">
    <failure type="org.testng.TestNGException" message="
Cannot inject @Test annotated Method [fedEXCILOrderCreate] with [int].
For more information on native dependency injection please refer to https://testng.org/doc/documentation-main.html#native-dependency-injection">
      <![CDATA[org.testng.TestNGException: 
Cannot inject @Test annotated Method [fedEXCILOrderCreate] with [int].
For more information on native dependency injection please refer to https://testng.org/doc/documentation-main.html#native-dependency-injection
at java.base/java.util.ArrayList.forEach(ArrayList.java:1511)
... Removed 26 stack frames]]>
    </failure>
  </testcase> <!-- fedEXCILOrderCreate -->
</testsuite> <!-- FedExCILOrderCreation -->
